Using pre-set license
Built from '2020.3/staging' branch; Version is '2020.3.25f1 (9b9180224418) revision 10195328'; Using compiler version '192528614'; Build Type 'Release'
OS: 'Windows 11  (10.0.22631) 64bit Professional' Language: 'zh' Physical Memory: 16251 MB
BatchMode: 1, IsHumanControllingUs: 0, StartBugReporterOnCrash: 0, Is64bit: 1, IsPro: 0

COMMAND LINE ARGUMENTS:
X:\unity\Unity Editor\2020.3.25f1\Editor\Unity.exe
-adb2
-batchMode
-noUpm
-name
AssetImportWorker1
-projectPath
G:/Unity工程/2DSandbox
-logFile
Logs/AssetImportWorker1.log
-srvPort
55895
Successfully changed project path to: G:/Unity工程/2DSandbox
G:/Unity工程/2DSandbox
Using Asset Import Pipeline V2.
Refreshing native plugins compatible for Editor in 44.52 ms, found 3 plugins.
Preloading 0 native plugins for Editor in 0.00 ms.
Initialize engine version: 2020.3.25f1 (9b9180224418)
[Subsystems] Discovering subsystems at path X:/unity/Unity Editor/2020.3.25f1/Editor/Data/Resources/UnitySubsystems
[Subsystems] Discovering subsystems at path G:/Unity工程/2DSandbox/Assets
GfxDevice: creating device client; threaded=0
Direct3D:
    Version:  Direct3D 11.0 [level 11.1]
    Renderer: NVIDIA GeForce GTX 1660 Ti (ID=0x2182)
    Vendor:   
    VRAM:     5966 MB
    Driver:   31.0.15.5186
Initialize mono
Mono path[0] = 'X:/unity/Unity Editor/2020.3.25f1/Editor/Data/Managed'
Mono path[1] = 'X:/unity/Unity Editor/2020.3.25f1/Editor/Data/MonoBleedingEdge/lib/mono/unityjit'
Mono config path = 'X:/unity/Unity Editor/2020.3.25f1/Editor/Data/MonoBleedingEdge/etc'
Using monoOptions --debugger-agent=transport=dt_socket,embedding=1,server=y,suspend=n,address=127.0.0.1:56176
Begin MonoManager ReloadAssembly
Registering precompiled unity dll's ...
Register platform support module: X:/unity/Unity Editor/2020.3.25f1/Editor/Data/PlaybackEngines/WindowsStandaloneSupport/UnityEditor.WindowsStandalone.Extensions.dll
Registered in 0.000855 seconds.
Native extension for WindowsStandalone target not found
Refreshing native plugins compatible for Editor in 49.29 ms, found 3 plugins.
Preloading 0 native plugins for Editor in 0.00 ms.
Mono: successfully reloaded assembly
- Completed reload, in  0.433 seconds
Domain Reload Profiling:
	ReloadAssembly (433ms)
		BeginReloadAssembly (48ms)
			ExecutionOrderSort (0ms)
			DisableScriptedObjects (0ms)
			BackupInstance (0ms)
			ReleaseScriptingObjects (0ms)
			CreateAndSetChildDomain (0ms)
		EndReloadAssembly (334ms)
			LoadAssemblies (47ms)
			RebuildTransferFunctionScriptingTraits (0ms)
			SetupTypeCache (103ms)
			ReleaseScriptCaches (0ms)
			RebuildScriptCaches (20ms)
			SetupLoadedEditorAssemblies (142ms)
				LogAssemblyErrors (0ms)
				InitializePlatformSupportModulesInManaged (3ms)
				SetLoadedEditorAssemblies (0ms)
				RefreshPlugins (49ms)
				BeforeProcessingInitializeOnLoad (12ms)
				ProcessInitializeOnLoadAttributes (57ms)
				ProcessInitializeOnLoadMethodAttributes (20ms)
				AfterProcessingInitializeOnLoad (0ms)
				EditorAssembliesLoaded (0ms)
			ExecutionOrderSort2 (0ms)
			AwakeInstancesAfterBackupRestoration (0ms)
Platform modules already initialized, skipping
Registering precompiled user dll's ...
Registered in 0.002260 seconds.
Begin MonoManager ReloadAssembly
Native extension for WindowsStandalone target not found
Refreshing native plugins compatible for Editor in 43.46 ms, found 3 plugins.
Preloading 0 native plugins for Editor in 0.00 ms.
Mono: successfully reloaded assembly
- Completed reload, in  0.970 seconds
Domain Reload Profiling:
	ReloadAssembly (971ms)
		BeginReloadAssembly (101ms)
			ExecutionOrderSort (0ms)
			DisableScriptedObjects (3ms)
			BackupInstance (0ms)
			ReleaseScriptingObjects (0ms)
			CreateAndSetChildDomain (13ms)
		EndReloadAssembly (832ms)
			LoadAssemblies (75ms)
			RebuildTransferFunctionScriptingTraits (0ms)
			SetupTypeCache (228ms)
			ReleaseScriptCaches (0ms)
			RebuildScriptCaches (35ms)
			SetupLoadedEditorAssemblies (424ms)
				LogAssemblyErrors (0ms)
				InitializePlatformSupportModulesInManaged (2ms)
				SetLoadedEditorAssemblies (0ms)
				RefreshPlugins (44ms)
				BeforeProcessingInitializeOnLoad (64ms)
				ProcessInitializeOnLoadAttributes (303ms)
				ProcessInitializeOnLoadMethodAttributes (10ms)
				AfterProcessingInitializeOnLoad (1ms)
				EditorAssembliesLoaded (0ms)
			ExecutionOrderSort2 (0ms)
			AwakeInstancesAfterBackupRestoration (4ms)
Platform modules already initialized, skipping
========================================================================
Worker process is ready to serve import requests
Launched and connected shader compiler UnityShaderCompiler.exe after 0.06 seconds
Refreshing native plugins compatible for Editor in 0.66 ms, found 3 plugins.
Preloading 0 native plugins for Editor in 0.00 ms.
Unloading 3111 Unused Serialized files (Serialized files now loaded: 0)
System memory in use before: 137.4 MB.
System memory in use after: 137.6 MB.

Unloading 26 unused Assets to reduce memory usage. Loaded Objects now: 3547.
Total: 4.744500 ms (FindLiveObjects: 0.319000 ms CreateObjectMapping: 0.151600 ms MarkObjects: 4.161500 ms  DeleteObjects: 0.110800 ms)

AssetImportParameters requested are different than current active one (requested -> active):
  custom:framework-win-MediaFoundation: 216162199b28c13a410421893ffa2e32 -> 
  custom:video-decoder-ogg-theora: a1e56fd34408186e4bbccfd4996cb3dc -> 
  custom:container-muxer-webm: aa71ff27fc2769a1b78a27578f13a17b -> 
  custom:container-demuxer-webm: 4f35f7cbe854078d1ac9338744f61a02 -> 
  custom:container-demuxer-ogg: 62fdf1f143b41e24485cea50d1cbac27 -> 
  custom:video-encoder-webm-vp8: eb34c28f22e8b96e1ab97ce403110664 -> 
  custom:video-codec-MediaFoundation-h265: 746d11721c4dcdbdad8f713fa42b33f4 -> 
  custom:video-decoder-webm-vp8: 9c59270c3fd7afecdb556c50c9e8de78 -> 
  custom:audio-decoder-ogg-vorbis: bf7c407c2cedff20999df2af8eb42d56 -> 
  custom:audio-encoder-webm-vorbis: bf7c407c2cedff20999df2af8eb42d56 -> 
========================================================================
Received Import Request.
  path: Assets/Pipeline.asset
  artifactKey: Guid(0ee1d1d5ff1b6874986904f3d498ec44) Importer(815301076,1909f56bfc062723c751e8b465ee728b)
Start importing Assets/Pipeline.asset using Guid(0ee1d1d5ff1b6874986904f3d498ec44) Importer(815301076,1909f56bfc062723c751e8b465ee728b)  -> (artifact id: 'd80299d797d0192e46cc93f171c1eca0') in 0.050240 seconds 
  Import took 0.054197 seconds .

========================================================================
Received Import Request.
  Time since last request: 0.000244 seconds.
  path: Assets/Pipeline_Renderer.asset
  artifactKey: Guid(38e122d3cfdead24daaee161edcb4c24) Importer(815301076,1909f56bfc062723c751e8b465ee728b)
Start importing Assets/Pipeline_Renderer.asset using Guid(38e122d3cfdead24daaee161edcb4c24) Importer(815301076,1909f56bfc062723c751e8b465ee728b)  -> (artifact id: '6429d9736323f88b304515f16071e8d5') in 0.014929 seconds 
  Import took 0.018899 seconds .

========================================================================
Received Import Request.
  Time since last request: 36.917062 seconds.
  path: Assets/2D.asset
  artifactKey: Guid(7d00a0470f4fee343a88759014bb305d) Importer(815301076,1909f56bfc062723c751e8b465ee728b)
Start importing Assets/2D.asset using Guid(7d00a0470f4fee343a88759014bb305d) Importer(815301076,1909f56bfc062723c751e8b465ee728b)  -> (artifact id: 'b92225d45a815089ffd3311e4eff9f56') in 0.015199 seconds 
  Import took 0.019298 seconds .

========================================================================
Received Import Request.
  Time since last request: 18.714915 seconds.
  path: Assets/2DRenderer.asset
  artifactKey: Guid(7d00a0470f4fee343a88759014bb305d) Importer(815301076,1909f56bfc062723c751e8b465ee728b)
Start importing Assets/2DRenderer.asset using Guid(7d00a0470f4fee343a88759014bb305d) Importer(815301076,1909f56bfc062723c751e8b465ee728b)  -> (artifact id: '5573e0cc875bf73be5e0ac8efd5f681f') in 0.012640 seconds 
  Import took 0.016514 seconds .

========================================================================
Received Prepare
Switching render pipeline 00000000000000000000000000000000 -> 0ee1d1d5ff1b6874986904f3d498ec44
Refreshing native plugins compatible for Editor in 2.31 ms, found 3 plugins.
Preloading 0 native plugins for Editor in 0.00 ms.
Unloading 14 Unused Serialized files (Serialized files now loaded: 0)
System memory in use before: 71.5 MB.
System memory in use after: 71.7 MB.

Unloading 13 unused Assets to reduce memory usage. Loaded Objects now: 3548.
Total: 2.823600 ms (FindLiveObjects: 0.187700 ms CreateObjectMapping: 0.104000 ms MarkObjects: 2.511900 ms  DeleteObjects: 0.019100 ms)

AssetImportParameters requested are different than current active one (requested -> active):
  custom:framework-win-MediaFoundation: 216162199b28c13a410421893ffa2e32 -> 
  custom:video-decoder-ogg-theora: a1e56fd34408186e4bbccfd4996cb3dc -> 
  custom:container-muxer-webm: aa71ff27fc2769a1b78a27578f13a17b -> 
  custom:container-demuxer-webm: 4f35f7cbe854078d1ac9338744f61a02 -> 
  custom:container-demuxer-ogg: 62fdf1f143b41e24485cea50d1cbac27 -> 
  custom:srp/default-shader: 0000e00a000e0de00000e000e02d0000 -> 0000e00a000e0de00000e000e0000000
  custom:video-encoder-webm-vp8: eb34c28f22e8b96e1ab97ce403110664 -> 
  custom:video-codec-MediaFoundation-h265: 746d11721c4dcdbdad8f713fa42b33f4 -> 
  custom:video-decoder-webm-vp8: 9c59270c3fd7afecdb556c50c9e8de78 -> 
  custom:audio-decoder-ogg-vorbis: bf7c407c2cedff20999df2af8eb42d56 -> 
  custom:audio-encoder-webm-vorbis: bf7c407c2cedff20999df2af8eb42d56 -> 
========================================================================
Received Import Request.
  Time since last request: 97.573191 seconds.
  path: Assets/2DRenderer.asset
  artifactKey: Guid(7d00a0470f4fee343a88759014bb305d) Importer(815301076,1909f56bfc062723c751e8b465ee728b)
Start importing Assets/2DRenderer.asset using Guid(7d00a0470f4fee343a88759014bb305d) Importer(815301076,1909f56bfc062723c751e8b465ee728b)  -> (artifact id: 'c32b0c0e7a6489a8c1a29de71b3ee576') in 0.012848 seconds 
  Import took 0.017313 seconds .

========================================================================
Received Import Request.
  Time since last request: 0.000266 seconds.
  path: Assets/Forest.asset
  artifactKey: Guid(8dc79d9fe68f5364c908546c169bb9c7) Importer(815301076,1909f56bfc062723c751e8b465ee728b)
Start importing Assets/Forest.asset using Guid(8dc79d9fe68f5364c908546c169bb9c7) Importer(815301076,1909f56bfc062723c751e8b465ee728b)  -> (artifact id: '134328945ae389a5ab19df8631d7963f') in 0.222838 seconds 
  Import took 0.226508 seconds .

========================================================================
Received Import Request.
  Time since last request: 0.000229 seconds.
  path: Assets/Desert.asset
  artifactKey: Guid(824067c48e53cf341b7ac37f2df3d425) Importer(815301076,1909f56bfc062723c751e8b465ee728b)
Start importing Assets/Desert.asset using Guid(824067c48e53cf341b7ac37f2df3d425) Importer(815301076,1909f56bfc062723c751e8b465ee728b)  -> (artifact id: '457f14a70f18d1a87f2c58bd646a1603') in 0.099887 seconds 
  Import took 0.103398 seconds .

========================================================================
Received Import Request.
  Time since last request: 0.000221 seconds.
  path: Assets/Snow.asset
  artifactKey: Guid(26a578f5bcebf924793a76cad0407319) Importer(815301076,1909f56bfc062723c751e8b465ee728b)
Start importing Assets/Snow.asset using Guid(26a578f5bcebf924793a76cad0407319) Importer(815301076,1909f56bfc062723c751e8b465ee728b)  -> (artifact id: '05e14ca77cb0703d2234deaea4aa1298') in 0.057649 seconds 
  Import took 0.061588 seconds .

========================================================================
Received Import Request.
  Time since last request: 0.000238 seconds.
  path: Assets/Grassland.asset
  artifactKey: Guid(30c88f401e18f2f4fb258855059a1f7b) Importer(815301076,1909f56bfc062723c751e8b465ee728b)
Start importing Assets/Grassland.asset using Guid(30c88f401e18f2f4fb258855059a1f7b) Importer(815301076,1909f56bfc062723c751e8b465ee728b)  -> (artifact id: '864c796fd1991af98f83a2394d50fdf2') in 0.005800 seconds 
  Import took 0.009899 seconds .

========================================================================
Received Import Request.
  Time since last request: 0.000265 seconds.
  path: Assets/Pipeline.asset
  artifactKey: Guid(0ee1d1d5ff1b6874986904f3d498ec44) Importer(815301076,1909f56bfc062723c751e8b465ee728b)
Start importing Assets/Pipeline.asset using Guid(0ee1d1d5ff1b6874986904f3d498ec44) Importer(815301076,1909f56bfc062723c751e8b465ee728b)  -> (artifact id: '92d771cb656fa51faa9a71a2b94c3f94') in 0.002047 seconds 
  Import took 0.006134 seconds .

========================================================================
Received Import Request.
  Time since last request: 0.000266 seconds.
  path: Assets/tileAtlas.asset
  artifactKey: Guid(a17bb62dd3bf1034e976d382b3942f7d) Importer(815301076,1909f56bfc062723c751e8b465ee728b)
Start importing Assets/tileAtlas.asset using Guid(a17bb62dd3bf1034e976d382b3942f7d) Importer(815301076,1909f56bfc062723c751e8b465ee728b)  -> (artifact id: '43b41d072607265a78107c480251d0fe') in 0.181745 seconds 
  Import took 0.185873 seconds .

========================================================================
Received Import Request.
  Time since last request: 132.114167 seconds.
  path: Assets/Pipeline.asset
  artifactKey: Guid(0ee1d1d5ff1b6874986904f3d498ec44) Importer(815301076,1909f56bfc062723c751e8b465ee728b)
Start importing Assets/Pipeline.asset using Guid(0ee1d1d5ff1b6874986904f3d498ec44) Importer(815301076,1909f56bfc062723c751e8b465ee728b)  -> (artifact id: 'd5d69b443bd235c2784f2d0edc269b87') in 0.012651 seconds 
  Import took 0.017479 seconds .

AssetImportWorkerClient::OnTransportError - code=2 error=End of file
